<?xml version="1.0" encoding="UTF-8"?>
<testng-results skipped="0" failed="0" ignored="0" total="1" passed="1">
  <reporter-output>
  </reporter-output>
  <suite name="Default suite" duration-ms="7747" started-at="2021-12-03T17:03:10 IST" finished-at="2021-12-03T17:03:18 IST">
    <groups>
    </groups>
    <test name="Default test" duration-ms="7747" started-at="2021-12-03T17:03:10 IST" finished-at="2021-12-03T17:03:18 IST">
      <class name="test.pack.TestClass">
        <test-method status="PASS" signature="test1()[pri:0, instance:test.pack.TestClass@ac1102]" name="test1" duration-ms="7350" started-at="2021-12-03T17:03:11 IST" finished-at="2021-12-03T17:03:18 IST">
          <reporter-output>
          </reporter-output>
        </test-method> <!-- test1 -->
      </class> <!-- test.pack.TestClass -->
    </test> <!-- Default test -->
  </suite> <!-- Default suite -->
</testng-results>
