<?xml version="1.0" encoding="UTF-8"?>
<!-- Generated by org.testng.reporters.JUnitXMLReporter -->
<testsuite hostname="DCC-PC" ignored="0" name="Test" tests="2" failures="1" timestamp="2021-11-23T09:41:48 IST" time="12.876" errors="0">
  <testcase name="test1" time="0.258" classname="test.pack.TestClass">
    <failure type="java.io.IOException" message="Your InputStream was neither an OLE2 stream, nor an OOXML stream or you haven&amp;apos;t provide the poi-ooxml*.jar in the classpath/modulepath - FileMagic: OOXML, having providers: [org.apache.poi.hssf.usermodel.HSSFWorkbookFactory@161c410]">
      <![CDATA[java.io.IOException: Your InputStream was neither an OLE2 stream, nor an OOXML stream or you haven't provide the poi-ooxml*.jar in the classpath/modulepath - FileMagic: OOXML, having providers: [org.apache.poi.hssf.usermodel.HSSFWorkbookFactory@161c410]
at org.apache.poi.ss.usermodel.WorkbookFactory.wp(WorkbookFactory.java:300)
at org.apache.poi.ss.usermodel.WorkbookFactory.create(WorkbookFactory.java:199)
at org.apache.poi.ss.usermodel.WorkbookFactory.create(WorkbookFactory.java:163)
at utility.pack.Xl.xlsheet1(Xl.java:16)
at test.pack.TestClass.test1(TestClass.java:26)
at java.util.ArrayList.forEach(Unknown Source)
... Removed 27 stack frames]]>
    </failure>
  </testcase> <!-- test1 -->
  <testcase name="verifyHomepageTitle" time="0.032" classname="test.pack.firsttestngfile"/>
</testsuite> <!-- Test -->
